2025/08/13 16:50:32 Listening on http://0.0.0.0:9779
2025/08/13 16:50:51 --- NEW STORY --- Author: Kurt Vonnegut, Genre: historical-fiction, Difficulty: punishing
2025/08/13 16:51:05 --- NEW GAME STATE (START) --- {
  "player_status": {
    "health": 100,
    "stamina": 100,
    "conditions": []
  },
  "inventory": [
    {
      "name": "crumpled newspaper",
      "description": "A Danish newspaper from September 1943, full of German propaganda.",
      "properties": [
        "paper",
        "informational"
      ],
      "state": "default"
    },
    {
      "name": "worn trench coat",
      "description": "A practical, dark trench coat. Good for blending in.",
      "properties": [
        "wearable",
        "concealing"
      ],
      "state": "worn"
    }
  ],
  "environment": {
    "location_name": "Hidden Loft Apartment",
    "description": "You've woken up in a small, dusty loft apartment in **Copenhagen**. The only sounds are the distant rumble of military vehicles and the incessant drizzle against the windowpane. A single **bare bulb** hangs precariously from the ceiling, casting long shadows. It feels like the world outside is holding its breath.",
    "exits": {
      "north": "Street Below (Dangerous)",
      "south": "Rooftop Access"
    },
    "world_objects": [
      {
        "name": "wooden crate",
        "properties": [
          "storage",
          "heavy"
        ],
        "state": "closed"
      },
      {
        "name": "grimy window",
        "properties": [
          "viewable",
          "fragile"
        ],
        "state": "closed"
      },
      {
        "name": "battered desk",
        "properties": [
          "furniture",
          "storage"
        ],
        "state": "default"
      }
    ]
  },
  "npcs": [],
  "active_puzzles_and_obstacles": [
    {
      "name": "German Occupation",
      "description": "The city is under strict German occupation. Movement is restricted, and any suspicious activity is met with severe consequences. You need to operate discreetly.",
      "status": "active",
      "solution_hints": [
        "evasion",
        "disguise",
        "local_contacts",
        "secrecy"
      ]
    },
    {
      "name": "Urgent Intel",
      "description": "You feel a pressing need to understand what's happening. There must be a message, a contact, or a piece of crucial information nearby.",
      "status": "unsolved",
      "solution_hints": [
        "search_environment",
        "interact_with_objects"
      ]
    }
  ],
  "rules": {
    "consequence_model": "punishing"
  }
}
2025/08/13 16:51:16 --- NEW STORY --- Author: James Joyce, Genre: fantasy, Difficulty: challenging
2025/08/13 16:51:20 --- NEW STORY --- Author: H.P. Lovecraft, Genre: fantasy, Difficulty: challenging
2025/08/13 16:51:27 --- NEW GAME STATE (START) --- {
  "player_status": {
    "health": 100,
    "stamina": 100,
    "conditions": []
  },
  "inventory": [
    {
      "name": "Faded Map Fragment",
      "description": "A brittle piece of parchment, showing a partial, faded drawing of an ancient forest.",
      "properties": [
        "paper",
        "old",
        "magical_residue"
      ],
      "state": "default"
    }
  ],
  "environment": {
    "location_name": "Sunken Grove",
    "description": "The air hangs thick with the scent of damp earth and ancient magic. You lie amidst the gnarled roots of colossal trees, their branches forming a verdant, light-dappled canopy above. Stone ruins, choked by moss and ivy, whisper tales of forgotten ages.",
    "exits": {
      "east": "Silent Stream",
      "north": "Whispering Caves Entrance"
    },
    "world_objects": [
      {
        "name": "Ancient Stone Altar",
        "properties": [
          "mossy",
          "carved_runes",
          "immobile"
        ],
        "state": "inactive"
      },
      {
        "name": "Thick Thorny Vines",
        "properties": [
          "sharp",
          "entangling",
          "magical_barrier"
        ],
        "state": "blocking_path"
      }
    ]
  },
  "npcs": [],
  "active_puzzles_and_obstacles": [
    {
      "name": "Thorny Path",
      "description": "A dense tangle of enchanted thorns, shimmering with a faint, protective aura, blocks the path to the east.",
      "status": "unsolved",
      "solution_hints": [
        "requires_cutting_tool",
        "requires_magic_suppression",
        "fire"
      ]
    }
  ],
  "rules": {
    "consequence_model": "challenging"
  }
}
2025/08/13 16:51:31 --- NEW GAME STATE (START) --- {
  "player_status": {
    "health": 75,
    "stamina": 75,
    "conditions": [
      "disoriented"
    ]
  },
  "inventory": [
    {
      "name": "torch",
      "description": "A crude wooden torch, slightly damp.",
      "properties": [
        "flammable",
        "light_source"
      ],
      "state": "unlit"
    },
    {
      "name": "damp scroll",
      "description": "A tightly rolled, vellum scroll. The ink looks faded, the parchment warped by moisture.",
      "properties": [
        "ancient",
        "parchment",
        "readable"
      ],
      "state": "damp"
    }
  ],
  "environment": {
    "location_name": "The Sunken Crypt",
    "description": "The oppressive chill of **The Sunken Crypt** seeps into your bones. Stone walls, slick with an unidentifiable slime, rise around you, disappearing into the abyssal darkness above. A faint, cloying odor of decay and something else, something ancient and unholy, permeates the air. Strange, barely visible glyphs are carved into the damp flagstones.",
    "exits": {
      "east": "Sealed Passage"
    },
    "world_objects": [
      {
        "name": "stone sarcophagus",
        "properties": [
          "heavy",
          "stone"
        ],
        "state": "closed"
      },
      {
        "name": "crumbling altar",
        "properties": [
          "stone",
          "sacrificial",
          "container"
        ],
        "state": "default"
      }
    ]
  },
  "npcs": [],
  "active_puzzles_and_obstacles": [
    {
      "name": "Rune-Sealed Door",
      "description": "A massive, **iron door** bars the only obvious exit to the east. It is covered in glowing, arcane runes that pulse with a faint, disturbing light, humming with an unfathomable, dread power.",
      "status": "unsolved",
      "solution_hints": [
        "requires_ritual",
        "knowledge_of_ancient_magic",
        "interact_with_brazier",
        "decipher_scroll"
      ]
    }
  ],
  "rules": {
    "consequence_model": "challenging"
  }
}
